Début de l'envoi des invitations
Échec d'envoi à yassinboulabiar13@gmail.com
Traceback (most recent call last):
  File "C:\Users\ovic\smart_event - Copie\events\views.py", line 246, in add_private_event
    send_mail(
    ~~~~~~~~~^
        subject=subject,
        ^^^^^^^^^^^^^^^^
    ...<4 lines>...
        html_message=html_message
        ^^^^^^^^^^^^^^^^^^^^^^^^^
    )
    ^
  File "C:\Users\ovic\smart_event\venv\Lib\site-packages\django\core\mail\__init__.py", line 92, in send_mail
    return mail.send()
           ~~~~~~~~~^^
  File "C:\Users\ovic\smart_event\venv\Lib\site-packages\django\core\mail\message.py", line 307, in send
    return self.get_connection(fail_silently).send_messages([self])
           ~~~~~~~~~~~~~~~~~~~~~~~~~~~~~~~~~~~~~~~~~~~~~~~~^^^^^^^^
  File "C:\Users\ovic\smart_event\venv\Lib\site-packages\django\core\mail\backends\smtp.py", line 128, in send_messages
    new_conn_created = self.open()
  File "C:\Users\ovic\smart_event\venv\Lib\site-packages\django\core\mail\backends\smtp.py", line 95, in open
    self.connection.login(self.username, self.password)
    ~~~~~~~~~~~~~~~~~~~~~^^^^^^^^^^^^^^^^^^^^^^^^^^^^^^
  File "C:\Users\ovic\AppData\Local\Programs\Python\Python313\Lib\smtplib.py", line 750, in login
    raise last_exception
  File "C:\Users\ovic\AppData\Local\Programs\Python\Python313\Lib\smtplib.py", line 739, in login
    (code, resp) = self.auth(
                   ~~~~~~~~~^
        authmethod, getattr(self, method_name),
        ^^^^^^^^^^^^^^^^^^^^^^^^^^^^^^^^^^^^^^^
        initial_response_ok=initial_response_ok)
        ^^^^^^^^^^^^^^^^^^^^^^^^^^^^^^^^^^^^^^^^
  File "C:\Users\ovic\AppData\Local\Programs\Python\Python313\Lib\smtplib.py", line 662, in auth
    raise SMTPAuthenticationError(code, resp)
smtplib.SMTPAuthenticationError: (535, b'5.7.8 Username and Password not accepted. For more information, go to\n5.7.8  https://support.google.com/mail/?p=BadCredentials 4fb4d7f45d1cf-647b2ef7798sm13364118a12.15 - gsmtp')
Début de l'envoi des invitations
Échec d'envoi à yassinboulabiar13@gmail.com
Traceback (most recent call last):
  File "C:\Users\ovic\smart_event - Copie\events\views.py", line 246, in add_private_event
    send_mail(
    ~~~~~~~~~^
        subject=subject,
        ^^^^^^^^^^^^^^^^
    ...<4 lines>...
        html_message=html_message
        ^^^^^^^^^^^^^^^^^^^^^^^^^
    )
    ^
  File "C:\Users\ovic\smart_event\venv\Lib\site-packages\django\core\mail\__init__.py", line 92, in send_mail
    return mail.send()
           ~~~~~~~~~^^
  File "C:\Users\ovic\smart_event\venv\Lib\site-packages\django\core\mail\message.py", line 307, in send
    return self.get_connection(fail_silently).send_messages([self])
           ~~~~~~~~~~~~~~~~~~~~~~~~~~~~~~~~~~~~~~~~~~~~~~~~^^^^^^^^
  File "C:\Users\ovic\smart_event\venv\Lib\site-packages\django\core\mail\backends\smtp.py", line 128, in send_messages
    new_conn_created = self.open()
  File "C:\Users\ovic\smart_event\venv\Lib\site-packages\django\core\mail\backends\smtp.py", line 95, in open
    self.connection.login(self.username, self.password)
    ~~~~~~~~~~~~~~~~~~~~~^^^^^^^^^^^^^^^^^^^^^^^^^^^^^^
  File "C:\Users\ovic\AppData\Local\Programs\Python\Python313\Lib\smtplib.py", line 750, in login
    raise last_exception
  File "C:\Users\ovic\AppData\Local\Programs\Python\Python313\Lib\smtplib.py", line 739, in login
    (code, resp) = self.auth(
                   ~~~~~~~~~^
        authmethod, getattr(self, method_name),
        ^^^^^^^^^^^^^^^^^^^^^^^^^^^^^^^^^^^^^^^
        initial_response_ok=initial_response_ok)
        ^^^^^^^^^^^^^^^^^^^^^^^^^^^^^^^^^^^^^^^^
  File "C:\Users\ovic\AppData\Local\Programs\Python\Python313\Lib\smtplib.py", line 662, in auth
    raise SMTPAuthenticationError(code, resp)
smtplib.SMTPAuthenticationError: (535, b'5.7.8 Username and Password not accepted. For more information, go to\n5.7.8  https://support.google.com/mail/?p=BadCredentials 4fb4d7f45d1cf-647b2edad10sm13586890a12.9 - gsmtp')
Début de l'envoi des invitations
Échec d'envoi à yassinboulabiar13@gmail.com
Traceback (most recent call last):
  File "C:\Users\ovic\smart_event - Copie\events\views.py", line 246, in add_private_event
    send_mail(
    ~~~~~~~~~^
        subject=subject,
        ^^^^^^^^^^^^^^^^
    ...<4 lines>...
        html_message=html_message
        ^^^^^^^^^^^^^^^^^^^^^^^^^
    )
    ^
  File "C:\Users\ovic\smart_event\venv\Lib\site-packages\django\core\mail\__init__.py", line 92, in send_mail
    return mail.send()
           ~~~~~~~~~^^
  File "C:\Users\ovic\smart_event\venv\Lib\site-packages\django\core\mail\message.py", line 307, in send
    return self.get_connection(fail_silently).send_messages([self])
           ~~~~~~~~~~~~~~~~~~~~~~~~~~~~~~~~~~~~~~~~~~~~~~~~^^^^^^^^
  File "C:\Users\ovic\smart_event\venv\Lib\site-packages\django\core\mail\backends\smtp.py", line 128, in send_messages
    new_conn_created = self.open()
  File "C:\Users\ovic\smart_event\venv\Lib\site-packages\django\core\mail\backends\smtp.py", line 95, in open
    self.connection.login(self.username, self.password)
    ~~~~~~~~~~~~~~~~~~~~~^^^^^^^^^^^^^^^^^^^^^^^^^^^^^^
  File "C:\Users\ovic\AppData\Local\Programs\Python\Python313\Lib\smtplib.py", line 750, in login
    raise last_exception
  File "C:\Users\ovic\AppData\Local\Programs\Python\Python313\Lib\smtplib.py", line 739, in login
    (code, resp) = self.auth(
                   ~~~~~~~~~^
        authmethod, getattr(self, method_name),
        ^^^^^^^^^^^^^^^^^^^^^^^^^^^^^^^^^^^^^^^
        initial_response_ok=initial_response_ok)
        ^^^^^^^^^^^^^^^^^^^^^^^^^^^^^^^^^^^^^^^^
  File "C:\Users\ovic\AppData\Local\Programs\Python\Python313\Lib\smtplib.py", line 662, in auth
    raise SMTPAuthenticationError(code, resp)
smtplib.SMTPAuthenticationError: (535, b'5.7.8 Username and Password not accepted. For more information, go to\n5.7.8  https://support.google.com/mail/?p=BadCredentials a640c23a62f3a-b7a01a33399sm1178084166b.58 - gsmtp')
Début de l'envoi des invitations
Échec d'envoi à yassinboulabiar13@gmail.com
Traceback (most recent call last):
  File "C:\Users\ovic\smart_event - Copie\events\views.py", line 246, in add_private_event
    send_mail(
    ~~~~~~~~~^
        subject=subject,
        ^^^^^^^^^^^^^^^^
    ...<4 lines>...
        html_message=html_message
        ^^^^^^^^^^^^^^^^^^^^^^^^^
    )
    ^
  File "C:\Users\ovic\AppData\Local\Programs\Python\Python314\Lib\site-packages\django\core\mail\__init__.py", line 92, in send_mail
    return mail.send()
           ~~~~~~~~~^^
  File "C:\Users\ovic\AppData\Local\Programs\Python\Python314\Lib\site-packages\django\core\mail\message.py", line 307, in send
    return self.get_connection(fail_silently).send_messages([self])
           ~~~~~~~~~~~~~~~~~~~~~~~~~~~~~~~~~~~~~~~~~~~~~~~~^^^^^^^^
  File "C:\Users\ovic\AppData\Local\Programs\Python\Python314\Lib\site-packages\django\core\mail\backends\smtp.py", line 128, in send_messages
    new_conn_created = self.open()
  File "C:\Users\ovic\AppData\Local\Programs\Python\Python314\Lib\site-packages\django\core\mail\backends\smtp.py", line 95, in open
    self.connection.login(self.username, self.password)
    ~~~~~~~~~~~~~~~~~~~~~^^^^^^^^^^^^^^^^^^^^^^^^^^^^^^
  File "C:\Users\ovic\AppData\Local\Programs\Python\Python314\Lib\smtplib.py", line 762, in login
    raise last_exception
  File "C:\Users\ovic\AppData\Local\Programs\Python\Python314\Lib\smtplib.py", line 751, in login
    (code, resp) = self.auth(
                   ~~~~~~~~~^
        authmethod, getattr(self, method_name),
        ^^^^^^^^^^^^^^^^^^^^^^^^^^^^^^^^^^^^^^^
        initial_response_ok=initial_response_ok)
        ^^^^^^^^^^^^^^^^^^^^^^^^^^^^^^^^^^^^^^^^
  File "C:\Users\ovic\AppData\Local\Programs\Python\Python314\Lib\smtplib.py", line 669, in auth
    raise SMTPAuthenticationError(code, resp)
smtplib.SMTPAuthenticationError: (535, b'5.7.8 Username and Password not accepted. For more information, go to\n5.7.8  https://support.google.com/mail/?p=BadCredentials a640c23a62f3a-b79f449992csm1368510166b.18 - gsmtp')
Début de l'envoi des invitations
Échec d'envoi à yassinboulabiar13@gmail.com
Traceback (most recent call last):
  File "C:\Users\ovic\smart_event - Copie\events\views.py", line 246, in add_private_event
    send_mail(
    ~~~~~~~~~^
        subject=subject,
        ^^^^^^^^^^^^^^^^
    ...<4 lines>...
        html_message=html_message
        ^^^^^^^^^^^^^^^^^^^^^^^^^
    )
    ^
  File "C:\Users\ovic\AppData\Local\Programs\Python\Python314\Lib\site-packages\django\core\mail\__init__.py", line 92, in send_mail
    return mail.send()
           ~~~~~~~~~^^
  File "C:\Users\ovic\AppData\Local\Programs\Python\Python314\Lib\site-packages\django\core\mail\message.py", line 307, in send
    return self.get_connection(fail_silently).send_messages([self])
           ~~~~~~~~~~~~~~~~~~~~~~~~~~~~~~~~~~~~~~~~~~~~~~~~^^^^^^^^
  File "C:\Users\ovic\AppData\Local\Programs\Python\Python314\Lib\site-packages\django\core\mail\backends\smtp.py", line 128, in send_messages
    new_conn_created = self.open()
  File "C:\Users\ovic\AppData\Local\Programs\Python\Python314\Lib\site-packages\django\core\mail\backends\smtp.py", line 95, in open
    self.connection.login(self.username, self.password)
    ~~~~~~~~~~~~~~~~~~~~~^^^^^^^^^^^^^^^^^^^^^^^^^^^^^^
  File "C:\Users\ovic\AppData\Local\Programs\Python\Python314\Lib\smtplib.py", line 762, in login
    raise last_exception
  File "C:\Users\ovic\AppData\Local\Programs\Python\Python314\Lib\smtplib.py", line 751, in login
    (code, resp) = self.auth(
                   ~~~~~~~~~^
        authmethod, getattr(self, method_name),
        ^^^^^^^^^^^^^^^^^^^^^^^^^^^^^^^^^^^^^^^
        initial_response_ok=initial_response_ok)
        ^^^^^^^^^^^^^^^^^^^^^^^^^^^^^^^^^^^^^^^^
  File "C:\Users\ovic\AppData\Local\Programs\Python\Python314\Lib\smtplib.py", line 669, in auth
    raise SMTPAuthenticationError(code, resp)
smtplib.SMTPAuthenticationError: (535, b'5.7.8 Username and Password not accepted. For more information, go to\n5.7.8  https://support.google.com/mail/?p=BadCredentials a640c23a62f3a-b79f445967fsm1377163166b.10 - gsmtp')
Début de l'envoi des invitations
Échec d'envoi à yassinboulabiar13@gmail.com
Traceback (most recent call last):
  File "C:\Users\ovic\smart_event - Copie\events\views.py", line 246, in add_private_event
    send_mail(
    ~~~~~~~~~^
        subject=subject,
        ^^^^^^^^^^^^^^^^
    ...<4 lines>...
        html_message=html_message
        ^^^^^^^^^^^^^^^^^^^^^^^^^
    )
    ^
  File "C:\Users\ovic\AppData\Local\Programs\Python\Python314\Lib\site-packages\django\core\mail\__init__.py", line 92, in send_mail
    return mail.send()
           ~~~~~~~~~^^
  File "C:\Users\ovic\AppData\Local\Programs\Python\Python314\Lib\site-packages\django\core\mail\message.py", line 307, in send
    return self.get_connection(fail_silently).send_messages([self])
           ~~~~~~~~~~~~~~~~~~~~~~~~~~~~~~~~~~~~~~~~~~~~~~~~^^^^^^^^
  File "C:\Users\ovic\AppData\Local\Programs\Python\Python314\Lib\site-packages\django\core\mail\backends\smtp.py", line 128, in send_messages
    new_conn_created = self.open()
  File "C:\Users\ovic\AppData\Local\Programs\Python\Python314\Lib\site-packages\django\core\mail\backends\smtp.py", line 95, in open
    self.connection.login(self.username, self.password)
    ~~~~~~~~~~~~~~~~~~~~~^^^^^^^^^^^^^^^^^^^^^^^^^^^^^^
  File "C:\Users\ovic\AppData\Local\Programs\Python\Python314\Lib\smtplib.py", line 762, in login
    raise last_exception
  File "C:\Users\ovic\AppData\Local\Programs\Python\Python314\Lib\smtplib.py", line 751, in login
    (code, resp) = self.auth(
                   ~~~~~~~~~^
        authmethod, getattr(self, method_name),
        ^^^^^^^^^^^^^^^^^^^^^^^^^^^^^^^^^^^^^^^
        initial_response_ok=initial_response_ok)
        ^^^^^^^^^^^^^^^^^^^^^^^^^^^^^^^^^^^^^^^^
  File "C:\Users\ovic\AppData\Local\Programs\Python\Python314\Lib\smtplib.py", line 669, in auth
    raise SMTPAuthenticationError(code, resp)
smtplib.SMTPAuthenticationError: (535, b'5.7.8 Username and Password not accepted. For more information, go to\n5.7.8  https://support.google.com/mail/?p=BadCredentials 4fb4d7f45d1cf-647b35991d4sm15215414a12.16 - gsmtp')
Début de l'envoi des invitations
Échec d'envoi à yassinboulabiar13@gmail.com
Traceback (most recent call last):
  File "C:\Users\ovic\smart_event - Copie\events\views.py", line 246, in add_private_event
    send_mail(
    ~~~~~~~~~^
        subject=subject,
        ^^^^^^^^^^^^^^^^
    ...<4 lines>...
        html_message=html_message
        ^^^^^^^^^^^^^^^^^^^^^^^^^
    )
    ^
  File "C:\Users\ovic\AppData\Local\Programs\Python\Python314\Lib\site-packages\django\core\mail\__init__.py", line 92, in send_mail
    return mail.send()
           ~~~~~~~~~^^
  File "C:\Users\ovic\AppData\Local\Programs\Python\Python314\Lib\site-packages\django\core\mail\message.py", line 307, in send
    return self.get_connection(fail_silently).send_messages([self])
           ~~~~~~~~~~~~~~~~~~~~~~~~~~~~~~~~~~~~~~~~~~~~~~~~^^^^^^^^
  File "C:\Users\ovic\AppData\Local\Programs\Python\Python314\Lib\site-packages\django\core\mail\backends\smtp.py", line 128, in send_messages
    new_conn_created = self.open()
  File "C:\Users\ovic\AppData\Local\Programs\Python\Python314\Lib\site-packages\django\core\mail\backends\smtp.py", line 95, in open
    self.connection.login(self.username, self.password)
    ~~~~~~~~~~~~~~~~~~~~~^^^^^^^^^^^^^^^^^^^^^^^^^^^^^^
  File "C:\Users\ovic\AppData\Local\Programs\Python\Python314\Lib\smtplib.py", line 762, in login
    raise last_exception
  File "C:\Users\ovic\AppData\Local\Programs\Python\Python314\Lib\smtplib.py", line 751, in login
    (code, resp) = self.auth(
                   ~~~~~~~~~^
        authmethod, getattr(self, method_name),
        ^^^^^^^^^^^^^^^^^^^^^^^^^^^^^^^^^^^^^^^
        initial_response_ok=initial_response_ok)
        ^^^^^^^^^^^^^^^^^^^^^^^^^^^^^^^^^^^^^^^^
  File "C:\Users\ovic\AppData\Local\Programs\Python\Python314\Lib\smtplib.py", line 669, in auth
    raise SMTPAuthenticationError(code, resp)
smtplib.SMTPAuthenticationError: (535, b'5.7.8 Username and Password not accepted. For more information, go to\n5.7.8  https://support.google.com/mail/?p=BadCredentials a640c23a62f3a-b79f4975c56sm1349542466b.33 - gsmtp')
